0 info it worked if it ends with ok
1 verbose cli [ '/Users/ruslan/.nvm/versions/node/v4.4.1/bin/node',
1 verbose cli   '/Users/ruslan/.nvm/versions/node/v4.4.1/bin/npm',
1 verbose cli   'install',
1 verbose cli   '--save-dev',
1 verbose cli   'babel-plugin-transform-object-rest-spread' ]
2 info using npm@2.14.20
3 info using node@v4.4.1
4 verbose install initial load of /Users/ruslan/test/react_custom/package.json
5 warn package.json react_custom@1.0.0 No repository field.
6 warn package.json react_custom@1.0.0 No README data
7 verbose installManyTop reading scoped package data from /Users/ruslan/test/react_custom/node_modules/accepts/package.json
8 verbose installManyTop reading scoped package data from /Users/ruslan/test/react_custom/node_modules/after/package.json
9 verbose installManyTop reading scoped package data from /Users/ruslan/test/react_custom/node_modules/ajv/package.json
10 verbose installManyTop reading scoped package data from /Users/ruslan/test/react_custom/node_modules/ansi-escapes/package.json
11 verbose installManyTop reading scoped package data from /Users/ruslan/test/react_custom/node_modules/ansi-regex/package.json
12 verbose installManyTop reading scoped package data from /Users/ruslan/test/react_custom/node_modules/ansi-styles/package.json
13 verbose installManyTop reading scoped package data from /Users/ruslan/test/react_custom/node_modules/any-observable/package.json
14 verbose installManyTop reading scoped package data from /Users/ruslan/test/react_custom/node_modules/anymatch/package.json
15 verbose installManyTop reading scoped package data from /Users/ruslan/test/react_custom/node_modules/arr-diff/package.json
16 verbose installManyTop reading scoped package data from /Users/ruslan/test/react_custom/node_modules/arr-flatten/package.json
17 verbose installManyTop reading scoped package data from /Users/ruslan/test/react_custom/node_modules/array-differ/package.json
18 verbose installManyTop reading scoped package data from /Users/ruslan/test/react_custom/node_modules/array-union/package.json
19 verbose installManyTop reading scoped package data from /Users/ruslan/test/react_custom/node_modules/array-uniq/package.json
20 verbose installManyTop reading scoped package data from /Users/ruslan/test/react_custom/node_modules/array-unique/package.json
21 verbose installManyTop reading scoped package data from /Users/ruslan/test/react_custom/node_modules/arraybuffer.slice/package.json
22 verbose installManyTop reading scoped package data from /Users/ruslan/test/react_custom/node_modules/arrify/package.json
23 verbose installManyTop reading scoped package data from /Users/ruslan/test/react_custom/node_modules/asap/package.json
24 verbose installManyTop reading scoped package data from /Users/ruslan/test/react_custom/node_modules/asn1/package.json
25 verbose installManyTop reading scoped package data from /Users/ruslan/test/react_custom/node_modules/assert-plus/package.json
26 verbose installManyTop reading scoped package data from /Users/ruslan/test/react_custom/node_modules/ast-types/package.json
27 verbose installManyTop reading scoped package data from /Users/ruslan/test/react_custom/node_modules/async/package.json
28 verbose installManyTop reading scoped package data from /Users/ruslan/test/react_custom/node_modules/async-each/package.json
29 verbose installManyTop reading scoped package data from /Users/ruslan/test/react_custom/node_modules/async-each-series/package.json
30 verbose installManyTop reading scoped package data from /Users/ruslan/test/react_custom/node_modules/async-limiter/package.json
31 verbose installManyTop reading scoped package data from /Users/ruslan/test/react_custom/node_modules/asynckit/package.json
32 verbose installManyTop reading scoped package data from /Users/ruslan/test/react_custom/node_modules/aws-sign2/package.json
33 verbose installManyTop reading scoped package data from /Users/ruslan/test/react_custom/node_modules/aws4/package.json
34 verbose installManyTop reading scoped package data from /Users/ruslan/test/react_custom/node_modules/babel-code-frame/package.json
35 verbose installManyTop reading scoped package data from /Users/ruslan/test/react_custom/node_modules/babel-core/package.json
36 verbose installManyTop reading scoped package data from /Users/ruslan/test/react_custom/node_modules/babel-generator/package.json
37 verbose installManyTop reading scoped package data from /Users/ruslan/test/react_custom/node_modules/babel-helper-bindify-decorators/package.json
38 verbose installManyTop reading scoped package data from /Users/ruslan/test/react_custom/node_modules/babel-helper-builder-binary-assignment-operator-visitor/package.json
39 verbose installManyTop reading scoped package data from /Users/ruslan/test/react_custom/node_modules/babel-helper-builder-react-jsx/package.json
40 verbose installManyTop reading scoped package data from /Users/ruslan/test/react_custom/node_modules/babel-helper-call-delegate/package.json
41 verbose installManyTop reading scoped package data from /Users/ruslan/test/react_custom/node_modules/babel-helper-define-map/package.json
42 verbose installManyTop reading scoped package data from /Users/ruslan/test/react_custom/node_modules/babel-helper-explode-assignable-expression/package.json
43 verbose installManyTop reading scoped package data from /Users/ruslan/test/react_custom/node_modules/babel-helper-explode-class/package.json
44 verbose installManyTop reading scoped package data from /Users/ruslan/test/react_custom/node_modules/babel-helper-function-name/package.json
45 verbose installManyTop reading scoped package data from /Users/ruslan/test/react_custom/node_modules/babel-helper-get-function-arity/package.json
46 verbose installManyTop reading scoped package data from /Users/ruslan/test/react_custom/node_modules/babel-helper-hoist-variables/package.json
47 verbose installManyTop reading scoped package data from /Users/ruslan/test/react_custom/node_modules/babel-helper-optimise-call-expression/package.json
48 verbose installManyTop reading scoped package data from /Users/ruslan/test/react_custom/node_modules/babel-helper-regex/package.json
49 verbose installManyTop reading scoped package data from /Users/ruslan/test/react_custom/node_modules/babel-helper-remap-async-to-generator/package.json
50 verbose installManyTop reading scoped package data from /Users/ruslan/test/react_custom/node_modules/babel-helper-replace-supers/package.json
51 verbose installManyTop reading scoped package data from /Users/ruslan/test/react_custom/node_modules/babel-helpers/package.json
52 verbose installManyTop reading scoped package data from /Users/ruslan/test/react_custom/node_modules/babel-loader/package.json
53 verbose installManyTop reading scoped package data from /Users/ruslan/test/react_custom/node_modules/babel-messages/package.json
54 verbose installManyTop reading scoped package data from /Users/ruslan/test/react_custom/node_modules/babel-plugin-check-es2015-constants/package.json
55 verbose installManyTop reading scoped package data from /Users/ruslan/test/react_custom/node_modules/babel-plugin-syntax-async-functions/package.json
56 verbose installManyTop reading scoped package data from /Users/ruslan/test/react_custom/node_modules/babel-plugin-syntax-async-generators/package.json
57 verbose installManyTop reading scoped package data from /Users/ruslan/test/react_custom/node_modules/babel-plugin-syntax-class-constructor-call/package.json
58 verbose installManyTop reading scoped package data from /Users/ruslan/test/react_custom/node_modules/babel-plugin-syntax-class-properties/package.json
59 verbose installManyTop reading scoped package data from /Users/ruslan/test/react_custom/node_modules/babel-plugin-syntax-decorators/package.json
60 verbose installManyTop reading scoped package data from /Users/ruslan/test/react_custom/node_modules/babel-plugin-syntax-dynamic-import/package.json
61 verbose installManyTop reading scoped package data from /Users/ruslan/test/react_custom/node_modules/babel-plugin-syntax-exponentiation-operator/package.json
62 verbose installManyTop reading scoped package data from /Users/ruslan/test/react_custom/node_modules/babel-plugin-syntax-export-extensions/package.json
63 verbose installManyTop reading scoped package data from /Users/ruslan/test/react_custom/node_modules/babel-plugin-syntax-flow/package.json
64 verbose installManyTop reading scoped package data from /Users/ruslan/test/react_custom/node_modules/babel-plugin-syntax-jsx/package.json
65 verbose installManyTop reading scoped package data from /Users/ruslan/test/react_custom/node_modules/babel-plugin-syntax-object-rest-spread/package.json
66 verbose installManyTop reading scoped package data from /Users/ruslan/test/react_custom/node_modules/babel-plugin-syntax-trailing-function-commas/package.json
67 verbose installManyTop reading scoped package data from /Users/ruslan/test/react_custom/node_modules/babel-plugin-transform-async-generator-functions/package.json
68 verbose installManyTop reading scoped package data from /Users/ruslan/test/react_custom/node_modules/babel-plugin-transform-async-to-generator/package.json
69 verbose installManyTop reading scoped package data from /Users/ruslan/test/react_custom/node_modules/babel-plugin-transform-class-constructor-call/package.json
70 verbose installManyTop reading scoped package data from /Users/ruslan/test/react_custom/node_modules/babel-plugin-transform-class-properties/package.json
71 verbose installManyTop reading scoped package data from /Users/ruslan/test/react_custom/node_modules/babel-plugin-transform-decorators/package.json
72 verbose installManyTop reading scoped package data from /Users/ruslan/test/react_custom/node_modules/babel-plugin-transform-es2015-arrow-functions/package.json
73 verbose installManyTop reading scoped package data from /Users/ruslan/test/react_custom/node_modules/babel-plugin-transform-es2015-block-scoped-functions/package.json
74 verbose installManyTop reading scoped package data from /Users/ruslan/test/react_custom/node_modules/babel-plugin-transform-es2015-block-scoping/package.json
75 verbose installManyTop reading scoped package data from /Users/ruslan/test/react_custom/node_modules/babel-plugin-transform-es2015-classes/package.json
76 verbose installManyTop reading scoped package data from /Users/ruslan/test/react_custom/node_modules/babel-plugin-transform-es2015-computed-properties/package.json
77 verbose installManyTop reading scoped package data from /Users/ruslan/test/react_custom/node_modules/babel-plugin-transform-es2015-destructuring/package.json
78 verbose installManyTop reading scoped package data from /Users/ruslan/test/react_custom/node_modules/babel-plugin-transform-es2015-duplicate-keys/package.json
79 verbose installManyTop reading scoped package data from /Users/ruslan/test/react_custom/node_modules/babel-plugin-transform-es2015-for-of/package.json
80 verbose installManyTop reading scoped package data from /Users/ruslan/test/react_custom/node_modules/babel-plugin-transform-es2015-function-name/package.json
81 verbose installManyTop reading scoped package data from /Users/ruslan/test/react_custom/node_modules/babel-plugin-transform-es2015-literals/package.json
82 verbose installManyTop reading scoped package data from /Users/ruslan/test/react_custom/node_modules/babel-plugin-transform-es2015-modules-amd/package.json
83 verbose installManyTop reading scoped package data from /Users/ruslan/test/react_custom/node_modules/babel-plugin-transform-es2015-modules-commonjs/package.json
84 verbose installManyTop reading scoped package data from /Users/ruslan/test/react_custom/node_modules/babel-plugin-transform-es2015-modules-systemjs/package.json
85 verbose installManyTop reading scoped package data from /Users/ruslan/test/react_custom/node_modules/babel-plugin-transform-es2015-modules-umd/package.json
86 verbose installManyTop reading scoped package data from /Users/ruslan/test/react_custom/node_modules/babel-plugin-transform-es2015-object-super/package.json
87 verbose installManyTop reading scoped package data from /Users/ruslan/test/react_custom/node_modules/babel-plugin-transform-es2015-parameters/package.json
88 verbose installManyTop reading scoped package data from /Users/ruslan/test/react_custom/node_modules/babel-plugin-transform-es2015-shorthand-properties/package.json
89 verbose installManyTop reading scoped package data from /Users/ruslan/test/react_custom/node_modules/babel-plugin-transform-es2015-spread/package.json
90 verbose installManyTop reading scoped package data from /Users/ruslan/test/react_custom/node_modules/babel-plugin-transform-es2015-sticky-regex/package.json
91 verbose installManyTop reading scoped package data from /Users/ruslan/test/react_custom/node_modules/babel-plugin-transform-es2015-template-literals/package.json
92 verbose installManyTop reading scoped package data from /Users/ruslan/test/react_custom/node_modules/babel-plugin-transform-es2015-typeof-symbol/package.json
93 verbose installManyTop reading scoped package data from /Users/ruslan/test/react_custom/node_modules/babel-plugin-transform-es2015-unicode-regex/package.json
94 verbose installManyTop reading scoped package data from /Users/ruslan/test/react_custom/node_modules/babel-plugin-transform-exponentiation-operator/package.json
95 verbose installManyTop reading scoped package data from /Users/ruslan/test/react_custom/node_modules/babel-plugin-transform-export-extensions/package.json
96 verbose installManyTop reading scoped package data from /Users/ruslan/test/react_custom/node_modules/babel-plugin-transform-flow-strip-types/package.json
97 verbose installManyTop reading scoped package data from /Users/ruslan/test/react_custom/node_modules/babel-plugin-transform-object-rest-spread/package.json
98 verbose installManyTop reading scoped package data from /Users/ruslan/test/react_custom/node_modules/babel-plugin-transform-react-display-name/package.json
99 verbose installManyTop reading scoped package data from /Users/ruslan/test/react_custom/node_modules/babel-plugin-transform-react-jsx/package.json
100 verbose installManyTop reading scoped package data from /Users/ruslan/test/react_custom/node_modules/babel-plugin-transform-react-jsx-self/package.json
101 verbose installManyTop reading scoped package data from /Users/ruslan/test/react_custom/node_modules/babel-plugin-transform-react-jsx-source/package.json
102 verbose installManyTop reading scoped package data from /Users/ruslan/test/react_custom/node_modules/babel-plugin-transform-regenerator/package.json
103 verbose installManyTop reading scoped package data from /Users/ruslan/test/react_custom/node_modules/babel-plugin-transform-strict-mode/package.json
104 verbose installManyTop reading scoped package data from /Users/ruslan/test/react_custom/node_modules/babel-preset-es2015/package.json
105 verbose installManyTop reading scoped package data from /Users/ruslan/test/react_custom/node_modules/babel-preset-flow/package.json
106 verbose installManyTop reading scoped package data from /Users/ruslan/test/react_custom/node_modules/babel-preset-react/package.json
107 verbose installManyTop reading scoped package data from /Users/ruslan/test/react_custom/node_modules/babel-preset-stage-1/package.json
108 verbose installManyTop reading scoped package data from /Users/ruslan/test/react_custom/node_modules/babel-preset-stage-2/package.json
109 verbose installManyTop reading scoped package data from /Users/ruslan/test/react_custom/node_modules/babel-preset-stage-3/package.json
110 verbose installManyTop reading scoped package data from /Users/ruslan/test/react_custom/node_modules/babel-register/package.json
111 verbose installManyTop reading scoped package data from /Users/ruslan/test/react_custom/node_modules/babel-runtime/package.json
112 verbose installManyTop reading scoped package data from /Users/ruslan/test/react_custom/node_modules/babel-template/package.json
113 verbose installManyTop reading scoped package data from /Users/ruslan/test/react_custom/node_modules/babel-traverse/package.json
114 verbose installManyTop reading scoped package data from /Users/ruslan/test/react_custom/node_modules/babel-types/package.json
115 verbose installManyTop reading scoped package data from /Users/ruslan/test/react_custom/node_modules/babylon/package.json
116 verbose installManyTop reading scoped package data from /Users/ruslan/test/react_custom/node_modules/backo2/package.json
117 verbose installManyTop reading scoped package data from /Users/ruslan/test/react_custom/node_modules/balanced-match/package.json
118 verbose installManyTop reading scoped package data from /Users/ruslan/test/react_custom/node_modules/base64-arraybuffer/package.json
119 verbose installManyTop reading scoped package data from /Users/ruslan/test/react_custom/node_modules/base64id/package.json
120 verbose installManyTop reading scoped package data from /Users/ruslan/test/react_custom/node_modules/batch/package.json
121 verbose installManyTop reading scoped package data from /Users/ruslan/test/react_custom/node_modules/bcrypt-pbkdf/package.json
122 verbose installManyTop reading scoped package data from /Users/ruslan/test/react_custom/node_modules/better-assert/package.json
123 verbose installManyTop reading scoped package data from /Users/ruslan/test/react_custom/node_modules/big.js/package.json
124 verbose installManyTop reading scoped package data from /Users/ruslan/test/react_custom/node_modules/binary-extensions/package.json
125 verbose installManyTop reading scoped package data from /Users/ruslan/test/react_custom/node_modules/binaryextensions/package.json
126 verbose installManyTop reading scoped package data from /Users/ruslan/test/react_custom/node_modules/blob/package.json
127 verbose installManyTop reading scoped package data from /Users/ruslan/test/react_custom/node_modules/body/package.json
128 verbose installManyTop reading scoped package data from /Users/ruslan/test/react_custom/node_modules/boom/package.json
129 verbose installManyTop reading scoped package data from /Users/ruslan/test/react_custom/node_modules/brace-expansion/package.json
130 verbose installManyTop reading scoped package data from /Users/ruslan/test/react_custom/node_modules/braces/package.json
131 verbose installManyTop reading scoped package data from /Users/ruslan/test/react_custom/node_modules/browser-sync/package.json
132 verbose installManyTop reading scoped package data from /Users/ruslan/test/react_custom/node_modules/browser-sync-ui/package.json
133 verbose installManyTop reading scoped package data from /Users/ruslan/test/react_custom/node_modules/browser-sync-webpack-plugin/package.json
134 verbose installManyTop reading scoped package data from /Users/ruslan/test/react_custom/node_modules/bs-recipes/package.json
135 verbose installManyTop reading scoped package data from /Users/ruslan/test/react_custom/node_modules/builtin-modules/package.json
136 verbose installManyTop reading scoped package data from /Users/ruslan/test/react_custom/node_modules/bytes/package.json
137 verbose installManyTop reading scoped package data from /Users/ruslan/test/react_custom/node_modules/cacheable-request/package.json
138 verbose installManyTop reading scoped package data from /Users/ruslan/test/react_custom/node_modules/callsite/package.json
139 verbose installManyTop reading scoped package data from /Users/ruslan/test/react_custom/node_modules/camelcase/package.json
140 verbose installManyTop reading scoped package data from /Users/ruslan/test/react_custom/node_modules/caseless/package.json
141 verbose installManyTop reading scoped package data from /Users/ruslan/test/react_custom/node_modules/chalk/package.json
142 verbose installManyTop reading scoped package data from /Users/ruslan/test/react_custom/node_modules/chardet/package.json
143 verbose installManyTop reading scoped package data from /Users/ruslan/test/react_custom/node_modules/chokidar/package.json
144 verbose installManyTop reading scoped package data from /Users/ruslan/test/react_custom/node_modules/cli-cursor/package.json
145 verbose installManyTop reading scoped package data from /Users/ruslan/test/react_custom/node_modules/cli-spinners/package.json
146 verbose installManyTop reading scoped package data from /Users/ruslan/test/react_custom/node_modules/cli-table/package.json
147 verbose installManyTop reading scoped package data from /Users/ruslan/test/react_custom/node_modules/cli-truncate/package.json
148 verbose installManyTop reading scoped package data from /Users/ruslan/test/react_custom/node_modules/cli-width/package.json
149 verbose installManyTop reading scoped package data from /Users/ruslan/test/react_custom/node_modules/cliui/package.json
150 verbose installManyTop reading scoped package data from /Users/ruslan/test/react_custom/node_modules/clone/package.json
151 verbose installManyTop reading scoped package data from /Users/ruslan/test/react_custom/node_modules/clone-buffer/package.json
152 verbose installManyTop reading scoped package data from /Users/ruslan/test/react_custom/node_modules/clone-response/package.json
153 verbose installManyTop reading scoped package data from /Users/ruslan/test/react_custom/node_modules/clone-stats/package.json
154 verbose installManyTop reading scoped package data from /Users/ruslan/test/react_custom/node_modules/cloneable-readable/package.json
155 verbose installManyTop reading scoped package data from /Users/ruslan/test/react_custom/node_modules/co/package.json
156 verbose installManyTop reading scoped package data from /Users/ruslan/test/react_custom/node_modules/code-point-at/package.json
157 verbose installManyTop reading scoped package data from /Users/ruslan/test/react_custom/node_modules/color-convert/package.json
158 verbose installManyTop reading scoped package data from /Users/ruslan/test/react_custom/node_modules/color-name/package.json
159 verbose installManyTop reading scoped package data from /Users/ruslan/test/react_custom/node_modules/colors/package.json
160 verbose installManyTop reading scoped package data from /Users/ruslan/test/react_custom/node_modules/combined-stream/package.json
161 verbose installManyTop reading scoped package data from /Users/ruslan/test/react_custom/node_modules/commander/package.json
162 verbose installManyTop reading scoped package data from /Users/ruslan/test/react_custom/node_modules/commondir/package.json
163 verbose installManyTop reading scoped package data from /Users/ruslan/test/react_custom/node_modules/component-bind/package.json
164 verbose installManyTop reading scoped package data from /Users/ruslan/test/react_custom/node_modules/component-emitter/package.json
165 verbose installManyTop reading scoped package data from /Users/ruslan/test/react_custom/node_modules/component-inherit/package.json
166 verbose installManyTop reading scoped package data from /Users/ruslan/test/react_custom/node_modules/concat-map/package.json
167 verbose installManyTop reading scoped package data from /Users/ruslan/test/react_custom/node_modules/connect/package.json
168 verbose installManyTop reading scoped package data from /Users/ruslan/test/react_custom/node_modules/connect-history-api-fallback/package.json
169 verbose installManyTop reading scoped package data from /Users/ruslan/test/react_custom/node_modules/continuable-cache/package.json
170 verbose installManyTop reading scoped package data from /Users/ruslan/test/react_custom/node_modules/convert-source-map/package.json
171 verbose installManyTop reading scoped package data from /Users/ruslan/test/react_custom/node_modules/cookie/package.json
172 verbose installManyTop reading scoped package data from /Users/ruslan/test/react_custom/node_modules/core-js/package.json
173 verbose installManyTop reading scoped package data from /Users/ruslan/test/react_custom/node_modules/core-util-is/package.json
174 verbose installManyTop reading scoped package data from /Users/ruslan/test/react_custom/node_modules/create-react-class/package.json
175 verbose installManyTop reading scoped package data from /Users/ruslan/test/react_custom/node_modules/cross-spawn/package.json
176 verbose installManyTop reading scoped package data from /Users/ruslan/test/react_custom/node_modules/cryptiles/package.json
177 verbose installManyTop reading scoped package data from /Users/ruslan/test/react_custom/node_modules/dargs/package.json
178 verbose installManyTop reading scoped package data from /Users/ruslan/test/react_custom/node_modules/dashdash/package.json
179 verbose installManyTop reading scoped package data from /Users/ruslan/test/react_custom/node_modules/date-fns/package.json
180 verbose installManyTop reading scoped package data from /Users/ruslan/test/react_custom/node_modules/dateformat/package.json
181 verbose installManyTop reading scoped package data from /Users/ruslan/test/react_custom/node_modules/debug/package.json
182 verbose installManyTop reading scoped package data from /Users/ruslan/test/react_custom/node_modules/decamelize/package.json
183 verbose installManyTop reading scoped package data from /Users/ruslan/test/react_custom/node_modules/decode-uri-component/package.json
184 verbose installManyTop reading scoped package data from /Users/ruslan/test/react_custom/node_modules/decompress-response/package.json
185 verbose installManyTop reading scoped package data from /Users/ruslan/test/react_custom/node_modules/deep-extend/package.json
186 verbose installManyTop reading scoped package data from /Users/ruslan/test/react_custom/node_modules/delayed-stream/package.json
187 verbose installManyTop reading scoped package data from /Users/ruslan/test/react_custom/node_modules/depd/package.json
188 verbose installManyTop reading scoped package data from /Users/ruslan/test/react_custom/node_modules/destroy/package.json
189 verbose installManyTop reading scoped package data from /Users/ruslan/test/react_custom/node_modules/detect-conflict/package.json
190 verbose installManyTop reading scoped package data from /Users/ruslan/test/react_custom/node_modules/detect-indent/package.json
191 verbose installManyTop reading scoped package data from /Users/ruslan/test/react_custom/node_modules/dev-ip/package.json
192 verbose installManyTop reading scoped package data from /Users/ruslan/test/react_custom/node_modules/diff/package.json
193 verbose installManyTop reading scoped package data from /Users/ruslan/test/react_custom/node_modules/duplexer3/package.json
194 verbose installManyTop reading scoped package data from /Users/ruslan/test/react_custom/node_modules/easy-extender/package.json
195 verbose installManyTop reading scoped package data from /Users/ruslan/test/react_custom/node_modules/eazy-logger/package.json
196 verbose installManyTop reading scoped package data from /Users/ruslan/test/react_custom/node_modules/ecc-jsbn/package.json
197 verbose installManyTop reading scoped package data from /Users/ruslan/test/react_custom/node_modules/editions/package.json
198 verbose installManyTop reading scoped package data from /Users/ruslan/test/react_custom/node_modules/ee-first/package.json
199 verbose installManyTop reading scoped package data from /Users/ruslan/test/react_custom/node_modules/ejs/package.json
200 verbose installManyTop reading scoped package data from /Users/ruslan/test/react_custom/node_modules/elegant-spinner/package.json
201 verbose installManyTop reading scoped package data from /Users/ruslan/test/react_custom/node_modules/emitter-steward/package.json
202 verbose installManyTop reading scoped package data from /Users/ruslan/test/react_custom/node_modules/emojis-list/package.json
203 verbose installManyTop reading scoped package data from /Users/ruslan/test/react_custom/node_modules/encodeurl/package.json
204 verbose installManyTop reading scoped package data from /Users/ruslan/test/react_custom/node_modules/encoding/package.json
205 verbose installManyTop reading scoped package data from /Users/ruslan/test/react_custom/node_modules/engine.io/package.json
206 verbose installManyTop reading scoped package data from /Users/ruslan/test/react_custom/node_modules/engine.io-client/package.json
207 verbose installManyTop reading scoped package data from /Users/ruslan/test/react_custom/node_modules/engine.io-parser/package.json
208 verbose installManyTop reading scoped package data from /Users/ruslan/test/react_custom/node_modules/enhanced-resolve/package.json
209 verbose installManyTop reading scoped package data from /Users/ruslan/test/react_custom/node_modules/errno/package.json
210 verbose installManyTop reading scoped package data from /Users/ruslan/test/react_custom/node_modules/error/package.json
211 verbose installManyTop reading scoped package data from /Users/ruslan/test/react_custom/node_modules/error-ex/package.json
212 verbose installManyTop reading scoped package data from /Users/ruslan/test/react_custom/node_modules/escape-html/package.json
213 verbose installManyTop reading scoped package data from /Users/ruslan/test/react_custom/node_modules/escape-string-regexp/package.json
214 verbose installManyTop reading scoped package data from /Users/ruslan/test/react_custom/node_modules/esprima/package.json
215 verbose installManyTop reading scoped package data from /Users/ruslan/test/react_custom/node_modules/esutils/package.json
216 verbose installManyTop reading scoped package data from /Users/ruslan/test/react_custom/node_modules/etag/package.json
217 verbose installManyTop reading scoped package data from /Users/ruslan/test/react_custom/node_modules/eventemitter3/package.json
218 verbose installManyTop reading scoped package data from /Users/ruslan/test/react_custom/node_modules/execa/package.json
219 verbose installManyTop reading scoped package data from /Users/ruslan/test/react_custom/node_modules/exit-hook/package.json
220 verbose installManyTop reading scoped package data from /Users/ruslan/test/react_custom/node_modules/expand-brackets/package.json
221 verbose installManyTop reading scoped package data from /Users/ruslan/test/react_custom/node_modules/expand-range/package.json
222 verbose installManyTop reading scoped package data from /Users/ruslan/test/react_custom/node_modules/expand-tilde/package.json
223 verbose installManyTop reading scoped package data from /Users/ruslan/test/react_custom/node_modules/extend/package.json
224 verbose installManyTop reading scoped package data from /Users/ruslan/test/react_custom/node_modules/external-editor/package.json
225 verbose installManyTop reading scoped package data from /Users/ruslan/test/react_custom/node_modules/extglob/package.json
226 verbose installManyTop reading scoped package data from /Users/ruslan/test/react_custom/node_modules/extsprintf/package.json
227 verbose installManyTop reading scoped package data from /Users/ruslan/test/react_custom/node_modules/faye-websocket/package.json
228 verbose installManyTop reading scoped package data from /Users/ruslan/test/react_custom/node_modules/fbjs/package.json
229 verbose installManyTop reading scoped package data from /Users/ruslan/test/react_custom/node_modules/figures/package.json
230 verbose installManyTop reading scoped package data from /Users/ruslan/test/react_custom/node_modules/filename-regex/package.json
231 verbose installManyTop reading scoped package data from /Users/ruslan/test/react_custom/node_modules/fill-range/package.json
232 verbose installManyTop reading scoped package data from /Users/ruslan/test/react_custom/node_modules/finalhandler/package.json
233 verbose installManyTop reading scoped package data from /Users/ruslan/test/react_custom/node_modules/find-cache-dir/package.json
234 verbose installManyTop reading scoped package data from /Users/ruslan/test/react_custom/node_modules/find-up/package.json
235 verbose installManyTop reading scoped package data from /Users/ruslan/test/react_custom/node_modules/first-chunk-stream/package.json
236 verbose installManyTop reading scoped package data from /Users/ruslan/test/react_custom/node_modules/flow-parser/package.json
237 verbose installManyTop reading scoped package data from /Users/ruslan/test/react_custom/node_modules/for-in/package.json
238 verbose installManyTop reading scoped package data from /Users/ruslan/test/react_custom/node_modules/for-own/package.json
239 verbose installManyTop reading scoped package data from /Users/ruslan/test/react_custom/node_modules/forever-agent/package.json
240 verbose installManyTop reading scoped package data from /Users/ruslan/test/react_custom/node_modules/form-data/package.json
241 verbose installManyTop reading scoped package data from /Users/ruslan/test/react_custom/node_modules/fresh/package.json
242 verbose installManyTop reading scoped package data from /Users/ruslan/test/react_custom/node_modules/from2/package.json
243 verbose installManyTop reading scoped package data from /Users/ruslan/test/react_custom/node_modules/fs-extra/package.json
244 verbose installManyTop reading scoped package data from /Users/ruslan/test/react_custom/node_modules/fs.realpath/package.json
245 verbose installManyTop reading scoped package data from /Users/ruslan/test/react_custom/node_modules/fsevents/package.json
246 verbose installManyTop reading scoped package data from /Users/ruslan/test/react_custom/node_modules/get-caller-file/package.json
247 verbose installManyTop reading scoped package data from /Users/ruslan/test/react_custom/node_modules/get-stream/package.json
248 verbose installManyTop reading scoped package data from /Users/ruslan/test/react_custom/node_modules/getpass/package.json
249 verbose installManyTop reading scoped package data from /Users/ruslan/test/react_custom/node_modules/gh-got/package.json
250 verbose installManyTop reading scoped package data from /Users/ruslan/test/react_custom/node_modules/github-username/package.json
251 verbose installManyTop reading scoped package data from /Users/ruslan/test/react_custom/node_modules/glob/package.json
252 verbose installManyTop reading scoped package data from /Users/ruslan/test/react_custom/node_modules/glob-all/package.json
253 verbose installManyTop reading scoped package data from /Users/ruslan/test/react_custom/node_modules/glob-base/package.json
254 verbose installManyTop reading scoped package data from /Users/ruslan/test/react_custom/node_modules/glob-parent/package.json
255 verbose installManyTop reading scoped package data from /Users/ruslan/test/react_custom/node_modules/global-modules/package.json
256 verbose installManyTop reading scoped package data from /Users/ruslan/test/react_custom/node_modules/global-prefix/package.json
257 verbose installManyTop reading scoped package data from /Users/ruslan/test/react_custom/node_modules/globals/package.json
258 verbose installManyTop reading scoped package data from /Users/ruslan/test/react_custom/node_modules/globby/package.json
259 verbose installManyTop reading scoped package data from /Users/ruslan/test/react_custom/node_modules/got/package.json
260 verbose installManyTop reading scoped package data from /Users/ruslan/test/react_custom/node_modules/graceful-fs/package.json
261 verbose installManyTop reading scoped package data from /Users/ruslan/test/react_custom/node_modules/grouped-queue/package.json
262 verbose installManyTop reading scoped package data from /Users/ruslan/test/react_custom/node_modules/har-schema/package.json
263 verbose installManyTop reading scoped package data from /Users/ruslan/test/react_custom/node_modules/har-validator/package.json
264 verbose installManyTop reading scoped package data from /Users/ruslan/test/react_custom/node_modules/has-ansi/package.json
265 verbose installManyTop reading scoped package data from /Users/ruslan/test/react_custom/node_modules/has-binary2/package.json
266 verbose installManyTop reading scoped package data from /Users/ruslan/test/react_custom/node_modules/has-color/package.json
267 verbose installManyTop reading scoped package data from /Users/ruslan/test/react_custom/node_modules/has-cors/package.json
268 verbose installManyTop reading scoped package data from /Users/ruslan/test/react_custom/node_modules/has-flag/package.json
269 verbose installManyTop reading scoped package data from /Users/ruslan/test/react_custom/node_modules/has-symbol-support-x/package.json
270 verbose installManyTop reading scoped package data from /Users/ruslan/test/react_custom/node_modules/has-to-string-tag-x/package.json
271 verbose installManyTop reading scoped package data from /Users/ruslan/test/react_custom/node_modules/hawk/package.json
272 verbose installManyTop reading scoped package data from /Users/ruslan/test/react_custom/node_modules/hoek/package.json
273 verbose installManyTop reading scoped package data from /Users/ruslan/test/react_custom/node_modules/home-or-tmp/package.json
274 verbose installManyTop reading scoped package data from /Users/ruslan/test/react_custom/node_modules/homedir-polyfill/package.json
275 verbose installManyTop reading scoped package data from /Users/ruslan/test/react_custom/node_modules/hosted-git-info/package.json
276 verbose installManyTop reading scoped package data from /Users/ruslan/test/react_custom/node_modules/http-cache-semantics/package.json
277 verbose installManyTop reading scoped package data from /Users/ruslan/test/react_custom/node_modules/http-errors/package.json
278 verbose installManyTop reading scoped package data from /Users/ruslan/test/react_custom/node_modules/http-parser-js/package.json
279 verbose installManyTop reading scoped package data from /Users/ruslan/test/react_custom/node_modules/http-proxy/package.json
280 verbose installManyTop reading scoped package data from /Users/ruslan/test/react_custom/node_modules/http-signature/package.json
281 verbose installManyTop reading scoped package data from /Users/ruslan/test/react_custom/node_modules/iconv-lite/package.json
282 verbose installManyTop reading scoped package data from /Users/ruslan/test/react_custom/node_modules/immutable/package.json
283 verbose installManyTop reading scoped package data from /Users/ruslan/test/react_custom/node_modules/imurmurhash/package.json
284 verbose installManyTop reading scoped package data from /Users/ruslan/test/react_custom/node_modules/indent-string/package.json
285 verbose installManyTop reading scoped package data from /Users/ruslan/test/react_custom/node_modules/indexof/package.json
286 verbose installManyTop reading scoped package data from /Users/ruslan/test/react_custom/node_modules/inflight/package.json
287 verbose installManyTop reading scoped package data from /Users/ruslan/test/react_custom/node_modules/inherits/package.json
288 verbose installManyTop reading scoped package data from /Users/ruslan/test/react_custom/node_modules/ini/package.json
289 verbose installManyTop reading scoped package data from /Users/ruslan/test/react_custom/node_modules/inquirer/package.json
290 verbose installManyTop reading scoped package data from /Users/ruslan/test/react_custom/node_modules/interpret/package.json
291 verbose installManyTop reading scoped package data from /Users/ruslan/test/react_custom/node_modules/into-stream/package.json
292 verbose installManyTop reading scoped package data from /Users/ruslan/test/react_custom/node_modules/invariant/package.json
293 verbose installManyTop reading scoped package data from /Users/ruslan/test/react_custom/node_modules/invert-kv/package.json
294 verbose installManyTop reading scoped package data from /Users/ruslan/test/react_custom/node_modules/is-arrayish/package.json
295 verbose installManyTop reading scoped package data from /Users/ruslan/test/react_custom/node_modules/is-binary-path/package.json
296 verbose installManyTop reading scoped package data from /Users/ruslan/test/react_custom/node_modules/is-buffer/package.json
297 verbose installManyTop reading scoped package data from /Users/ruslan/test/react_custom/node_modules/is-builtin-module/package.json
298 verbose installManyTop reading scoped package data from /Users/ruslan/test/react_custom/node_modules/is-dotfile/package.json
299 verbose installManyTop reading scoped package data from /Users/ruslan/test/react_custom/node_modules/is-equal-shallow/package.json
300 verbose installManyTop reading scoped package data from /Users/ruslan/test/react_custom/node_modules/is-extendable/package.json
301 verbose installManyTop reading scoped package data from /Users/ruslan/test/react_custom/node_modules/is-extglob/package.json
302 verbose installManyTop reading scoped package data from /Users/ruslan/test/react_custom/node_modules/is-finite/package.json
303 verbose installManyTop reading scoped package data from /Users/ruslan/test/react_custom/node_modules/is-fullwidth-code-point/package.json
304 verbose installManyTop reading scoped package data from /Users/ruslan/test/react_custom/node_modules/is-glob/package.json
305 verbose installManyTop reading scoped package data from /Users/ruslan/test/react_custom/node_modules/is-number/package.json
306 verbose installManyTop reading scoped package data from /Users/ruslan/test/react_custom/node_modules/is-number-like/package.json
307 verbose installManyTop reading scoped package data from /Users/ruslan/test/react_custom/node_modules/is-object/package.json
308 verbose installManyTop reading scoped package data from /Users/ruslan/test/react_custom/node_modules/is-observable/package.json
309 verbose installManyTop reading scoped package data from /Users/ruslan/test/react_custom/node_modules/is-plain-obj/package.json
310 verbose installManyTop reading scoped package data from /Users/ruslan/test/react_custom/node_modules/is-posix-bracket/package.json
311 verbose installManyTop reading scoped package data from /Users/ruslan/test/react_custom/node_modules/is-primitive/package.json
312 verbose installManyTop reading scoped package data from /Users/ruslan/test/react_custom/node_modules/is-promise/package.json
313 verbose installManyTop reading scoped package data from /Users/ruslan/test/react_custom/node_modules/is-retry-allowed/package.json
314 verbose installManyTop reading scoped package data from /Users/ruslan/test/react_custom/node_modules/is-scoped/package.json
315 verbose installManyTop reading scoped package data from /Users/ruslan/test/react_custom/node_modules/is-stream/package.json
316 verbose installManyTop reading scoped package data from /Users/ruslan/test/react_custom/node_modules/is-typedarray/package.json
317 verbose installManyTop reading scoped package data from /Users/ruslan/test/react_custom/node_modules/is-utf8/package.json
318 verbose installManyTop reading scoped package data from /Users/ruslan/test/react_custom/node_modules/is-windows/package.json
319 verbose installManyTop reading scoped package data from /Users/ruslan/test/react_custom/node_modules/isarray/package.json
320 verbose installManyTop reading scoped package data from /Users/ruslan/test/react_custom/node_modules/isexe/package.json
321 verbose installManyTop reading scoped package data from /Users/ruslan/test/react_custom/node_modules/isobject/package.json
322 verbose installManyTop reading scoped package data from /Users/ruslan/test/react_custom/node_modules/isomorphic-fetch/package.json
323 verbose installManyTop reading scoped package data from /Users/ruslan/test/react_custom/node_modules/isstream/package.json
324 verbose installManyTop reading scoped package data from /Users/ruslan/test/react_custom/node_modules/istextorbinary/package.json
325 verbose installManyTop reading scoped package data from /Users/ruslan/test/react_custom/node_modules/isurl/package.json
326 verbose installManyTop reading scoped package data from /Users/ruslan/test/react_custom/node_modules/js-tokens/package.json
327 verbose installManyTop reading scoped package data from /Users/ruslan/test/react_custom/node_modules/jsbn/package.json
328 verbose installManyTop reading scoped package data from /Users/ruslan/test/react_custom/node_modules/jscodeshift/package.json
329 verbose installManyTop reading scoped package data from /Users/ruslan/test/react_custom/node_modules/jsesc/package.json
330 verbose installManyTop reading scoped package data from /Users/ruslan/test/react_custom/node_modules/json-buffer/package.json
331 verbose installManyTop reading scoped package data from /Users/ruslan/test/react_custom/node_modules/json-parse-better-errors/package.json
332 verbose installManyTop reading scoped package data from /Users/ruslan/test/react_custom/node_modules/json-schema/package.json
333 verbose installManyTop reading scoped package data from /Users/ruslan/test/react_custom/node_modules/json-stable-stringify/package.json
334 verbose installManyTop reading scoped package data from /Users/ruslan/test/react_custom/node_modules/json-stringify-safe/package.json
335 verbose installManyTop reading scoped package data from /Users/ruslan/test/react_custom/node_modules/json5/package.json
336 verbose installManyTop reading scoped package data from /Users/ruslan/test/react_custom/node_modules/jsonfile/package.json
337 verbose installManyTop reading scoped package data from /Users/ruslan/test/react_custom/node_modules/jsonify/package.json
338 verbose installManyTop reading scoped package data from /Users/ruslan/test/react_custom/node_modules/jsprim/package.json
339 verbose installManyTop reading scoped package data from /Users/ruslan/test/react_custom/node_modules/keyv/package.json
340 verbose installManyTop reading scoped package data from /Users/ruslan/test/react_custom/node_modules/kind-of/package.json
341 verbose installManyTop reading scoped package data from /Users/ruslan/test/react_custom/node_modules/lcid/package.json
342 verbose installManyTop reading scoped package data from /Users/ruslan/test/react_custom/node_modules/limiter/package.json
343 verbose installManyTop reading scoped package data from /Users/ruslan/test/react_custom/node_modules/listr/package.json
344 verbose installManyTop reading scoped package data from /Users/ruslan/test/react_custom/node_modules/listr-silent-renderer/package.json
345 verbose installManyTop reading scoped package data from /Users/ruslan/test/react_custom/node_modules/listr-update-renderer/package.json
346 verbose installManyTop reading scoped package data from /Users/ruslan/test/react_custom/node_modules/listr-verbose-renderer/package.json
347 verbose installManyTop reading scoped package data from /Users/ruslan/test/react_custom/node_modules/livereload/package.json
348 verbose installManyTop reading scoped package data from /Users/ruslan/test/react_custom/node_modules/livereload-js/package.json
349 verbose installManyTop reading scoped package data from /Users/ruslan/test/react_custom/node_modules/load-json-file/package.json
350 verbose installManyTop reading scoped package data from /Users/ruslan/test/react_custom/node_modules/loader-utils/package.json
351 verbose installManyTop reading scoped package data from /Users/ruslan/test/react_custom/node_modules/localtunnel/package.json
352 verbose installManyTop reading scoped package data from /Users/ruslan/test/react_custom/node_modules/locate-path/package.json
353 verbose installManyTop reading scoped package data from /Users/ruslan/test/react_custom/node_modules/lodash/package.json
354 verbose installManyTop reading scoped package data from /Users/ruslan/test/react_custom/node_modules/lodash.isfinite/package.json
355 verbose installManyTop reading scoped package data from /Users/ruslan/test/react_custom/node_modules/log-symbols/package.json
356 verbose installManyTop reading scoped package data from /Users/ruslan/test/react_custom/node_modules/log-update/package.json
357 verbose installManyTop reading scoped package data from /Users/ruslan/test/react_custom/node_modules/loose-envify/package.json
358 verbose installManyTop reading scoped package data from /Users/ruslan/test/react_custom/node_modules/lowercase-keys/package.json
359 verbose installManyTop reading scoped package data from /Users/ruslan/test/react_custom/node_modules/lru-cache/package.json
360 verbose installManyTop reading scoped package data from /Users/ruslan/test/react_custom/node_modules/make-dir/package.json
361 verbose installManyTop reading scoped package data from /Users/ruslan/test/react_custom/node_modules/mem/package.json
362 verbose installManyTop reading scoped package data from /Users/ruslan/test/react_custom/node_modules/mem-fs/package.json
363 verbose installManyTop reading scoped package data from /Users/ruslan/test/react_custom/node_modules/mem-fs-editor/package.json
364 verbose installManyTop reading scoped package data from /Users/ruslan/test/react_custom/node_modules/memory-fs/package.json
365 verbose installManyTop reading scoped package data from /Users/ruslan/test/react_custom/node_modules/micromatch/package.json
366 verbose installManyTop reading scoped package data from /Users/ruslan/test/react_custom/node_modules/mime/package.json
367 verbose installManyTop reading scoped package data from /Users/ruslan/test/react_custom/node_modules/mime-db/package.json
368 verbose installManyTop reading scoped package data from /Users/ruslan/test/react_custom/node_modules/mime-types/package.json
369 verbose installManyTop reading scoped package data from /Users/ruslan/test/react_custom/node_modules/mimic-fn/package.json
370 verbose installManyTop reading scoped package data from /Users/ruslan/test/react_custom/node_modules/mimic-response/package.json
371 verbose installManyTop reading scoped package data from /Users/ruslan/test/react_custom/node_modules/minimatch/package.json
372 verbose installManyTop reading scoped package data from /Users/ruslan/test/react_custom/node_modules/minimist/package.json
373 verbose installManyTop reading scoped package data from /Users/ruslan/test/react_custom/node_modules/mkdirp/package.json
374 verbose installManyTop reading scoped package data from /Users/ruslan/test/react_custom/node_modules/ms/package.json
375 verbose installManyTop reading scoped package data from /Users/ruslan/test/react_custom/node_modules/multimatch/package.json
376 verbose installManyTop reading scoped package data from /Users/ruslan/test/react_custom/node_modules/mute-stream/package.json
377 verbose installManyTop reading scoped package data from /Users/ruslan/test/react_custom/node_modules/nan/package.json
378 verbose installManyTop reading scoped package data from /Users/ruslan/test/react_custom/node_modules/negotiator/package.json
379 verbose installManyTop reading scoped package data from /Users/ruslan/test/react_custom/node_modules/neo-async/package.json
380 verbose installManyTop reading scoped package data from /Users/ruslan/test/react_custom/node_modules/nice-try/package.json
381 verbose installManyTop reading scoped package data from /Users/ruslan/test/react_custom/node_modules/node-dir/package.json
382 verbose installManyTop reading scoped package data from /Users/ruslan/test/react_custom/node_modules/node-fetch/package.json
383 verbose installManyTop reading scoped package data from /Users/ruslan/test/react_custom/node_modules/nomnom/package.json
384 verbose installManyTop reading scoped package data from /Users/ruslan/test/react_custom/node_modules/normalize-package-data/package.json
385 verbose installManyTop reading scoped package data from /Users/ruslan/test/react_custom/node_modules/normalize-path/package.json
386 verbose installManyTop reading scoped package data from /Users/ruslan/test/react_custom/node_modules/normalize-url/package.json
387 verbose installManyTop reading scoped package data from /Users/ruslan/test/react_custom/node_modules/npm-run-path/package.json
388 verbose installManyTop reading scoped package data from /Users/ruslan/test/react_custom/node_modules/number-is-nan/package.json
389 verbose installManyTop reading scoped package data from /Users/ruslan/test/react_custom/node_modules/oauth-sign/package.json
390 verbose installManyTop reading scoped package data from /Users/ruslan/test/react_custom/node_modules/object-assign/package.json
391 verbose installManyTop reading scoped package data from /Users/ruslan/test/react_custom/node_modules/object-component/package.json
392 verbose installManyTop reading scoped package data from /Users/ruslan/test/react_custom/node_modules/object-path/package.json
393 verbose installManyTop reading scoped package data from /Users/ruslan/test/react_custom/node_modules/object.omit/package.json
394 verbose installManyTop reading scoped package data from /Users/ruslan/test/react_custom/node_modules/on-finished/package.json
395 verbose installManyTop reading scoped package data from /Users/ruslan/test/react_custom/node_modules/once/package.json
396 verbose installManyTop reading scoped package data from /Users/ruslan/test/react_custom/node_modules/onetime/package.json
397 verbose installManyTop reading scoped package data from /Users/ruslan/test/react_custom/node_modules/openurl/package.json
398 verbose installManyTop reading scoped package data from /Users/ruslan/test/react_custom/node_modules/opn/package.json
399 verbose installManyTop reading scoped package data from /Users/ruslan/test/react_custom/node_modules/options/package.json
400 verbose installManyTop reading scoped package data from /Users/ruslan/test/react_custom/node_modules/opts/package.json
401 verbose installManyTop reading scoped package data from /Users/ruslan/test/react_custom/node_modules/ora/package.json
402 verbose installManyTop reading scoped package data from /Users/ruslan/test/react_custom/node_modules/os-homedir/package.json
403 verbose installManyTop reading scoped package data from /Users/ruslan/test/react_custom/node_modules/os-locale/package.json
404 verbose installManyTop reading scoped package data from /Users/ruslan/test/react_custom/node_modules/os-tmpdir/package.json
405 verbose installManyTop reading scoped package data from /Users/ruslan/test/react_custom/node_modules/p-cancelable/package.json
406 verbose installManyTop reading scoped package data from /Users/ruslan/test/react_custom/node_modules/p-each-series/package.json
407 verbose installManyTop reading scoped package data from /Users/ruslan/test/react_custom/node_modules/p-finally/package.json
408 verbose installManyTop reading scoped package data from /Users/ruslan/test/react_custom/node_modules/p-is-promise/package.json
409 verbose installManyTop reading scoped package data from /Users/ruslan/test/react_custom/node_modules/p-lazy/package.json
410 verbose installManyTop reading scoped package data from /Users/ruslan/test/react_custom/node_modules/p-limit/package.json
411 verbose installManyTop reading scoped package data from /Users/ruslan/test/react_custom/node_modules/p-locate/package.json
412 verbose installManyTop reading scoped package data from /Users/ruslan/test/react_custom/node_modules/p-map/package.json
413 verbose installManyTop reading scoped package data from /Users/ruslan/test/react_custom/node_modules/p-reduce/package.json
414 verbose installManyTop reading scoped package data from /Users/ruslan/test/react_custom/node_modules/p-timeout/package.json
415 verbose installManyTop reading scoped package data from /Users/ruslan/test/react_custom/node_modules/p-try/package.json
416 verbose installManyTop reading scoped package data from /Users/ruslan/test/react_custom/node_modules/parse-glob/package.json
417 verbose installManyTop reading scoped package data from /Users/ruslan/test/react_custom/node_modules/parse-json/package.json
418 verbose installManyTop reading scoped package data from /Users/ruslan/test/react_custom/node_modules/parse-passwd/package.json
419 verbose installManyTop reading scoped package data from /Users/ruslan/test/react_custom/node_modules/parseqs/package.json
420 verbose installManyTop reading scoped package data from /Users/ruslan/test/react_custom/node_modules/parseuri/package.json
421 verbose installManyTop reading scoped package data from /Users/ruslan/test/react_custom/node_modules/parseurl/package.json
422 verbose installManyTop reading scoped package data from /Users/ruslan/test/react_custom/node_modules/path-exists/package.json
423 verbose installManyTop reading scoped package data from /Users/ruslan/test/react_custom/node_modules/path-is-absolute/package.json
424 verbose installManyTop reading scoped package data from /Users/ruslan/test/react_custom/node_modules/path-key/package.json
425 verbose installManyTop reading scoped package data from /Users/ruslan/test/react_custom/node_modules/path-parse/package.json
426 verbose installManyTop reading scoped package data from /Users/ruslan/test/react_custom/node_modules/path-type/package.json
427 verbose installManyTop reading scoped package data from /Users/ruslan/test/react_custom/node_modules/performance-now/package.json
428 verbose installManyTop reading scoped package data from /Users/ruslan/test/react_custom/node_modules/pify/package.json
429 verbose installManyTop reading scoped package data from /Users/ruslan/test/react_custom/node_modules/pinkie/package.json
430 verbose installManyTop reading scoped package data from /Users/ruslan/test/react_custom/node_modules/pinkie-promise/package.json
431 verbose installManyTop reading scoped package data from /Users/ruslan/test/react_custom/node_modules/pkg-dir/package.json
432 verbose installManyTop reading scoped package data from /Users/ruslan/test/react_custom/node_modules/portscanner/package.json
433 verbose installManyTop reading scoped package data from /Users/ruslan/test/react_custom/node_modules/prepend-http/package.json
434 verbose installManyTop reading scoped package data from /Users/ruslan/test/react_custom/node_modules/preserve/package.json
435 verbose installManyTop reading scoped package data from /Users/ruslan/test/react_custom/node_modules/prettier/package.json
436 verbose installManyTop reading scoped package data from /Users/ruslan/test/react_custom/node_modules/pretty-bytes/package.json
437 verbose installManyTop reading scoped package data from /Users/ruslan/test/react_custom/node_modules/private/package.json
438 verbose installManyTop reading scoped package data from /Users/ruslan/test/react_custom/node_modules/process-nextick-args/package.json
439 verbose installManyTop reading scoped package data from /Users/ruslan/test/react_custom/node_modules/promise/package.json
440 verbose installManyTop reading scoped package data from /Users/ruslan/test/react_custom/node_modules/prop-types/package.json
441 verbose installManyTop reading scoped package data from /Users/ruslan/test/react_custom/node_modules/prr/package.json
442 verbose installManyTop reading scoped package data from /Users/ruslan/test/react_custom/node_modules/pseudomap/package.json
443 verbose installManyTop reading scoped package data from /Users/ruslan/test/react_custom/node_modules/punycode/package.json
444 verbose installManyTop reading scoped package data from /Users/ruslan/test/react_custom/node_modules/qs/package.json
445 verbose installManyTop reading scoped package data from /Users/ruslan/test/react_custom/node_modules/query-string/package.json
446 verbose installManyTop reading scoped package data from /Users/ruslan/test/react_custom/node_modules/randomatic/package.json
447 verbose installManyTop reading scoped package data from /Users/ruslan/test/react_custom/node_modules/range-parser/package.json
448 verbose installManyTop reading scoped package data from /Users/ruslan/test/react_custom/node_modules/raw-body/package.json
449 verbose installManyTop reading scoped package data from /Users/ruslan/test/react_custom/node_modules/react/package.json
450 verbose installManyTop reading scoped package data from /Users/ruslan/test/react_custom/node_modules/react-dom/package.json
451 verbose installManyTop reading scoped package data from /Users/ruslan/test/react_custom/node_modules/react-loader/package.json
452 verbose installManyTop reading scoped package data from /Users/ruslan/test/react_custom/node_modules/read-chunk/package.json
453 verbose installManyTop reading scoped package data from /Users/ruslan/test/react_custom/node_modules/read-pkg/package.json
454 verbose installManyTop reading scoped package data from /Users/ruslan/test/react_custom/node_modules/read-pkg-up/package.json
455 verbose installManyTop reading scoped package data from /Users/ruslan/test/react_custom/node_modules/readable-stream/package.json
456 verbose installManyTop reading scoped package data from /Users/ruslan/test/react_custom/node_modules/readdirp/package.json
457 verbose installManyTop reading scoped package data from /Users/ruslan/test/react_custom/node_modules/recast/package.json
458 verbose installManyTop reading scoped package data from /Users/ruslan/test/react_custom/node_modules/rechoir/package.json
459 verbose installManyTop reading scoped package data from /Users/ruslan/test/react_custom/node_modules/regenerate/package.json
460 verbose installManyTop reading scoped package data from /Users/ruslan/test/react_custom/node_modules/regenerator-runtime/package.json
461 verbose installManyTop reading scoped package data from /Users/ruslan/test/react_custom/node_modules/regenerator-transform/package.json
462 verbose installManyTop reading scoped package data from /Users/ruslan/test/react_custom/node_modules/regex-cache/package.json
463 verbose installManyTop reading scoped package data from /Users/ruslan/test/react_custom/node_modules/regexpu-core/package.json
464 verbose installManyTop reading scoped package data from /Users/ruslan/test/react_custom/node_modules/regjsgen/package.json
465 verbose installManyTop reading scoped package data from /Users/ruslan/test/react_custom/node_modules/regjsparser/package.json
466 verbose installManyTop reading scoped package data from /Users/ruslan/test/react_custom/node_modules/remove-trailing-separator/package.json
467 verbose installManyTop reading scoped package data from /Users/ruslan/test/react_custom/node_modules/repeat-element/package.json
468 verbose installManyTop reading scoped package data from /Users/ruslan/test/react_custom/node_modules/repeat-string/package.json
469 verbose installManyTop reading scoped package data from /Users/ruslan/test/react_custom/node_modules/repeating/package.json
470 verbose installManyTop reading scoped package data from /Users/ruslan/test/react_custom/node_modules/replace-ext/package.json
471 verbose installManyTop reading scoped package data from /Users/ruslan/test/react_custom/node_modules/request/package.json
472 verbose installManyTop reading scoped package data from /Users/ruslan/test/react_custom/node_modules/require-directory/package.json
473 verbose installManyTop reading scoped package data from /Users/ruslan/test/react_custom/node_modules/require-main-filename/package.json
474 verbose installManyTop reading scoped package data from /Users/ruslan/test/react_custom/node_modules/requires-port/package.json
475 verbose installManyTop reading scoped package data from /Users/ruslan/test/react_custom/node_modules/resolve/package.json
476 verbose installManyTop reading scoped package data from /Users/ruslan/test/react_custom/node_modules/resolve-cwd/package.json
477 verbose installManyTop reading scoped package data from /Users/ruslan/test/react_custom/node_modules/resolve-dir/package.json
478 verbose installManyTop reading scoped package data from /Users/ruslan/test/react_custom/node_modules/resolve-from/package.json
479 verbose installManyTop reading scoped package data from /Users/ruslan/test/react_custom/node_modules/resp-modifier/package.json
480 verbose installManyTop reading scoped package data from /Users/ruslan/test/react_custom/node_modules/responselike/package.json
481 verbose installManyTop reading scoped package data from /Users/ruslan/test/react_custom/node_modules/restore-cursor/package.json
482 verbose installManyTop reading scoped package data from /Users/ruslan/test/react_custom/node_modules/rimraf/package.json
483 verbose installManyTop reading scoped package data from /Users/ruslan/test/react_custom/node_modules/run-async/package.json
484 verbose installManyTop reading scoped package data from /Users/ruslan/test/react_custom/node_modules/rx/package.json
485 verbose installManyTop reading scoped package data from /Users/ruslan/test/react_custom/node_modules/rx-lite/package.json
486 verbose installManyTop reading scoped package data from /Users/ruslan/test/react_custom/node_modules/rx-lite-aggregates/package.json
487 verbose installManyTop reading scoped package data from /Users/ruslan/test/react_custom/node_modules/rxjs/package.json
488 verbose installManyTop reading scoped package data from /Users/ruslan/test/react_custom/node_modules/safe-buffer/package.json
489 verbose installManyTop reading scoped package data from /Users/ruslan/test/react_custom/node_modules/safe-json-parse/package.json
490 verbose installManyTop reading scoped package data from /Users/ruslan/test/react_custom/node_modules/scoped-regex/package.json
491 verbose installManyTop reading scoped package data from /Users/ruslan/test/react_custom/node_modules/semver/package.json
492 verbose installManyTop reading scoped package data from /Users/ruslan/test/react_custom/node_modules/send/package.json
493 verbose installManyTop reading scoped package data from /Users/ruslan/test/react_custom/node_modules/serve-index/package.json
494 verbose installManyTop reading scoped package data from /Users/ruslan/test/react_custom/node_modules/serve-static/package.json
495 verbose installManyTop reading scoped package data from /Users/ruslan/test/react_custom/node_modules/server-destroy/package.json
496 verbose installManyTop reading scoped package data from /Users/ruslan/test/react_custom/node_modules/set-blocking/package.json
497 verbose installManyTop reading scoped package data from /Users/ruslan/test/react_custom/node_modules/set-immediate-shim/package.json
498 verbose installManyTop reading scoped package data from /Users/ruslan/test/react_custom/node_modules/setimmediate/package.json
499 verbose installManyTop reading scoped package data from /Users/ruslan/test/react_custom/node_modules/setprototypeof/package.json
500 verbose installManyTop reading scoped package data from /Users/ruslan/test/react_custom/node_modules/shebang-command/package.json
501 verbose installManyTop reading scoped package data from /Users/ruslan/test/react_custom/node_modules/shebang-regex/package.json
502 verbose installManyTop reading scoped package data from /Users/ruslan/test/react_custom/node_modules/shelljs/package.json
503 verbose installManyTop reading scoped package data from /Users/ruslan/test/react_custom/node_modules/signal-exit/package.json
504 verbose installManyTop reading scoped package data from /Users/ruslan/test/react_custom/node_modules/slash/package.json
505 verbose installManyTop reading scoped package data from /Users/ruslan/test/react_custom/node_modules/slice-ansi/package.json
506 verbose installManyTop reading scoped package data from /Users/ruslan/test/react_custom/node_modules/slide/package.json
507 verbose installManyTop reading scoped package data from /Users/ruslan/test/react_custom/node_modules/sntp/package.json
508 verbose installManyTop reading scoped package data from /Users/ruslan/test/react_custom/node_modules/socket.io/package.json
509 verbose installManyTop reading scoped package data from /Users/ruslan/test/react_custom/node_modules/socket.io-adapter/package.json
510 verbose installManyTop reading scoped package data from /Users/ruslan/test/react_custom/node_modules/socket.io-client/package.json
511 verbose installManyTop reading scoped package data from /Users/ruslan/test/react_custom/node_modules/socket.io-parser/package.json
512 verbose installManyTop reading scoped package data from /Users/ruslan/test/react_custom/node_modules/sort-keys/package.json
513 verbose installManyTop reading scoped package data from /Users/ruslan/test/react_custom/node_modules/source-map/package.json
514 verbose installManyTop reading scoped package data from /Users/ruslan/test/react_custom/node_modules/source-map-support/package.json
515 verbose installManyTop reading scoped package data from /Users/ruslan/test/react_custom/node_modules/spdx-correct/package.json
516 verbose installManyTop reading scoped package data from /Users/ruslan/test/react_custom/node_modules/spdx-exceptions/package.json
517 verbose installManyTop reading scoped package data from /Users/ruslan/test/react_custom/node_modules/spdx-expression-parse/package.json
518 verbose installManyTop reading scoped package data from /Users/ruslan/test/react_custom/node_modules/spdx-license-ids/package.json
519 verbose installManyTop reading scoped package data from /Users/ruslan/test/react_custom/node_modules/spin.js/package.json
520 verbose installManyTop reading scoped package data from /Users/ruslan/test/react_custom/node_modules/sshpk/package.json
521 verbose installManyTop reading scoped package data from /Users/ruslan/test/react_custom/node_modules/statuses/package.json
522 verbose installManyTop reading scoped package data from /Users/ruslan/test/react_custom/node_modules/stream-throttle/package.json
523 verbose installManyTop reading scoped package data from /Users/ruslan/test/react_custom/node_modules/stream-to-observable/package.json
524 verbose installManyTop reading scoped package data from /Users/ruslan/test/react_custom/node_modules/strict-uri-encode/package.json
525 verbose installManyTop reading scoped package data from /Users/ruslan/test/react_custom/node_modules/string-template/package.json
526 verbose installManyTop reading scoped package data from /Users/ruslan/test/react_custom/node_modules/string-width/package.json
527 verbose installManyTop reading scoped package data from /Users/ruslan/test/react_custom/node_modules/string_decoder/package.json
528 verbose installManyTop reading scoped package data from /Users/ruslan/test/react_custom/node_modules/stringstream/package.json
529 verbose installManyTop reading scoped package data from /Users/ruslan/test/react_custom/node_modules/strip-ansi/package.json
530 verbose installManyTop reading scoped package data from /Users/ruslan/test/react_custom/node_modules/strip-bom/package.json
531 verbose installManyTop reading scoped package data from /Users/ruslan/test/react_custom/node_modules/strip-bom-stream/package.json
532 verbose installManyTop reading scoped package data from /Users/ruslan/test/react_custom/node_modules/strip-eof/package.json
533 verbose installManyTop reading scoped package data from /Users/ruslan/test/react_custom/node_modules/supports-color/package.json
534 verbose installManyTop reading scoped package data from /Users/ruslan/test/react_custom/node_modules/symbol-observable/package.json
535 verbose installManyTop reading scoped package data from /Users/ruslan/test/react_custom/node_modules/tapable/package.json
536 verbose installManyTop reading scoped package data from /Users/ruslan/test/react_custom/node_modules/temp/package.json
537 verbose installManyTop reading scoped package data from /Users/ruslan/test/react_custom/node_modules/text-table/package.json
538 verbose installManyTop reading scoped package data from /Users/ruslan/test/react_custom/node_modules/textextensions/package.json
539 verbose installManyTop reading scoped package data from /Users/ruslan/test/react_custom/node_modules/tfunk/package.json
540 verbose installManyTop reading scoped package data from /Users/ruslan/test/react_custom/node_modules/through/package.json
541 verbose installManyTop reading scoped package data from /Users/ruslan/test/react_custom/node_modules/through2/package.json
542 verbose installManyTop reading scoped package data from /Users/ruslan/test/react_custom/node_modules/timed-out/package.json
543 verbose installManyTop reading scoped package data from /Users/ruslan/test/react_custom/node_modules/tiny-lr/package.json
544 verbose installManyTop reading scoped package data from /Users/ruslan/test/react_custom/node_modules/tmp/package.json
545 verbose installManyTop reading scoped package data from /Users/ruslan/test/react_custom/node_modules/to-array/package.json
546 verbose installManyTop reading scoped package data from /Users/ruslan/test/react_custom/node_modules/to-fast-properties/package.json
547 verbose installManyTop reading scoped package data from /Users/ruslan/test/react_custom/node_modules/tough-cookie/package.json
548 verbose installManyTop reading scoped package data from /Users/ruslan/test/react_custom/node_modules/trim-right/package.json
549 verbose installManyTop reading scoped package data from /Users/ruslan/test/react_custom/node_modules/tunnel-agent/package.json
550 verbose installManyTop reading scoped package data from /Users/ruslan/test/react_custom/node_modules/tweetnacl/package.json
551 verbose installManyTop reading scoped package data from /Users/ruslan/test/react_custom/node_modules/ua-parser-js/package.json
552 verbose installManyTop reading scoped package data from /Users/ruslan/test/react_custom/node_modules/ultron/package.json
553 verbose installManyTop reading scoped package data from /Users/ruslan/test/react_custom/node_modules/underscore/package.json
554 verbose installManyTop reading scoped package data from /Users/ruslan/test/react_custom/node_modules/universalify/package.json
555 verbose installManyTop reading scoped package data from /Users/ruslan/test/react_custom/node_modules/unpipe/package.json
556 verbose installManyTop reading scoped package data from /Users/ruslan/test/react_custom/node_modules/untildify/package.json
557 verbose installManyTop reading scoped package data from /Users/ruslan/test/react_custom/node_modules/url-parse-lax/package.json
558 verbose installManyTop reading scoped package data from /Users/ruslan/test/react_custom/node_modules/url-to-options/package.json
559 verbose installManyTop reading scoped package data from /Users/ruslan/test/react_custom/node_modules/util-deprecate/package.json
560 verbose installManyTop reading scoped package data from /Users/ruslan/test/react_custom/node_modules/utils-merge/package.json
561 verbose installManyTop reading scoped package data from /Users/ruslan/test/react_custom/node_modules/uuid/package.json
562 verbose installManyTop reading scoped package data from /Users/ruslan/test/react_custom/node_modules/uws/package.json
563 verbose installManyTop reading scoped package data from /Users/ruslan/test/react_custom/node_modules/v8-compile-cache/package.json
564 verbose installManyTop reading scoped package data from /Users/ruslan/test/react_custom/node_modules/validate-npm-package-license/package.json
565 verbose installManyTop reading scoped package data from /Users/ruslan/test/react_custom/node_modules/verror/package.json
566 verbose installManyTop reading scoped package data from /Users/ruslan/test/react_custom/node_modules/vinyl/package.json
567 verbose installManyTop reading scoped package data from /Users/ruslan/test/react_custom/node_modules/vinyl-file/package.json
568 verbose installManyTop reading scoped package data from /Users/ruslan/test/react_custom/node_modules/webpack/package.json
569 verbose installManyTop reading scoped package data from /Users/ruslan/test/react_custom/node_modules/webpack-addons/package.json
570 verbose installManyTop reading scoped package data from /Users/ruslan/test/react_custom/node_modules/webpack-cli/package.json
571 verbose installManyTop reading scoped package data from /Users/ruslan/test/react_custom/node_modules/webpack-dev-server/package.json
572 verbose installManyTop reading scoped package data from /Users/ruslan/test/react_custom/node_modules/webpack-livereload-plugin/package.json
573 verbose installManyTop reading scoped package data from /Users/ruslan/test/react_custom/node_modules/websocket-driver/package.json
574 verbose installManyTop reading scoped package data from /Users/ruslan/test/react_custom/node_modules/websocket-extensions/package.json
575 verbose installManyTop reading scoped package data from /Users/ruslan/test/react_custom/node_modules/whatwg-fetch/package.json
576 verbose installManyTop reading scoped package data from /Users/ruslan/test/react_custom/node_modules/which/package.json
577 verbose installManyTop reading scoped package data from /Users/ruslan/test/react_custom/node_modules/which-module/package.json
578 verbose installManyTop reading scoped package data from /Users/ruslan/test/react_custom/node_modules/window-size/package.json
579 verbose installManyTop reading scoped package data from /Users/ruslan/test/react_custom/node_modules/wrap-ansi/package.json
580 verbose installManyTop reading scoped package data from /Users/ruslan/test/react_custom/node_modules/wrappy/package.json
581 verbose installManyTop reading scoped package data from /Users/ruslan/test/react_custom/node_modules/write-file-atomic/package.json
582 verbose installManyTop reading scoped package data from /Users/ruslan/test/react_custom/node_modules/ws/package.json
583 verbose installManyTop reading scoped package data from /Users/ruslan/test/react_custom/node_modules/xmlhttprequest-ssl/package.json
584 verbose installManyTop reading scoped package data from /Users/ruslan/test/react_custom/node_modules/xtend/package.json
585 verbose installManyTop reading scoped package data from /Users/ruslan/test/react_custom/node_modules/y18n/package.json
586 verbose installManyTop reading scoped package data from /Users/ruslan/test/react_custom/node_modules/yallist/package.json
587 verbose installManyTop reading scoped package data from /Users/ruslan/test/react_custom/node_modules/yargs/package.json
588 verbose installManyTop reading scoped package data from /Users/ruslan/test/react_custom/node_modules/yargs-parser/package.json
589 verbose installManyTop reading scoped package data from /Users/ruslan/test/react_custom/node_modules/yeast/package.json
590 verbose installManyTop reading scoped package data from /Users/ruslan/test/react_custom/node_modules/yeoman-environment/package.json
591 verbose installManyTop reading scoped package data from /Users/ruslan/test/react_custom/node_modules/yeoman-generator/package.json
592 verbose installManyTop reading scoped package data from /Users/ruslan/test/react_custom/node_modules/@sindresorhus/is/package.json
593 info package.json detect-conflict@1.0.1 No README data
594 info package.json mem-fs@1.1.3 No README data
595 info package.json setimmediate@1.0.5 No README data
596 info package.json array-unique@0.2.1 license should be a valid SPDX license expression
597 info package.json base64-arraybuffer@0.1.5 No license field.
598 info package.json batch@0.5.3 No license field.
599 info package.json bcrypt-pbkdf@1.0.1 No repository field.
600 info package.json better-assert@1.0.2 No license field.
601 info package.json blob@0.0.4 No license field.
602 info package.json body@5.1.0 No license field.
603 info package.json bytes@1.0.0 No license field.
604 info package.json callsite@1.0.0 No repository field.
605 info package.json callsite@1.0.0 No license field.
606 info package.json cli-table@0.3.1 No license field.
607 info package.json component-bind@1.0.0 No license field.
608 info package.json component-inherit@0.0.3 No license field.
609 info package.json continuable-cache@0.3.1 No license field.
610 info package.json dev-ip@1.0.1 No license field.
611 info package.json easy-extender@2.3.2 No license field.
612 info package.json eazy-logger@3.0.2 No license field.
613 info package.json error@7.0.2 No license field.
614 info package.json enhanced-resolve@4.0.0 No license field.
615 info package.json esutils@2.0.2 No license field.
616 info package.json glob-base@0.3.0 license should be a valid SPDX license expression
617 info package.json has-binary2@1.0.2 No repository field.
618 info package.json indexof@0.0.1 No repository field.
619 info package.json indexof@0.0.1 No license field.
620 info package.json is-primitive@2.0.0 license should be a valid SPDX license expression
621 info package.json jsesc@0.5.0 No license field.
622 info package.json json-schema@0.2.3 No license field.
623 info package.json jsonify@0.0.0 license should be a valid SPDX license expression
624 info package.json limiter@1.1.2 No license field.
625 info package.json livereload@0.7.0 No license field.
626 info package.json mime@1.3.4 No license field.
627 info package.json node-dir@0.1.8 No license field.
628 info package.json nomnom@1.8.1 No license field.
629 info package.json object-component@0.0.3 No repository field.
630 info package.json object-component@0.0.3 No license field.
631 info package.json options@0.0.6 No license field.
632 info package.json opts@1.2.6 No license field.
633 info package.json preserve@0.2.0 license should be a valid SPDX license expression
634 info package.json punycode@1.4.1 punycode is also the name of a node core module.
635 info package.json rechoir@0.6.2 No license field.
636 info package.json regenerator-transform@0.10.1 license should be a valid SPDX license expression
637 info package.json regjsparser@0.1.5 license should be a valid SPDX license expression
638 info package.json repeat-element@1.1.2 license should be a valid SPDX license expression
639 info package.json replace-ext@0.0.1 No license field.
640 info package.json resp-modifier@6.0.2 No license field.
641 info package.json rimraf@2.2.8 license should be a valid SPDX license expression
642 info package.json rx-lite@4.0.8 No license field.
643 info package.json rx-lite-aggregates@4.0.8 No license field.
644 info package.json safe-json-parse@1.0.1 No license field.
645 info package.json sntp@1.0.9 No license field.
646 info package.json string-template@0.2.1 No license field.
647 info package.json string_decoder@1.0.3 string_decoder is also the name of a node core module.
648 info package.json to-array@0.1.4 No license field.
649 info package.json underscore@1.6.0 No license field.
650 info package.json utils-merge@1.0.0 No license field.
651 info package.json v8-compile-cache@1.1.2 No repository field.
652 info package.json xmlhttprequest-ssl@1.5.5 No license field.
653 verbose readDependencies loading dependencies from /Users/ruslan/test/react_custom/package.json
654 verbose install babel-plugin-transform-object-rest-spread is installed as 6.26.0
655 silly cache add args [ 'babel-plugin-transform-object-rest-spread', null ]
656 verbose cache add spec babel-plugin-transform-object-rest-spread
657 silly cache add parsed spec Result {
657 silly cache add   raw: 'babel-plugin-transform-object-rest-spread',
657 silly cache add   scope: null,
657 silly cache add   name: 'babel-plugin-transform-object-rest-spread',
657 silly cache add   rawSpec: '',
657 silly cache add   spec: 'latest',
657 silly cache add   type: 'tag' }
658 silly addNamed babel-plugin-transform-object-rest-spread@latest
659 verbose addNamed "latest" is being treated as a dist-tag for babel-plugin-transform-object-rest-spread
660 info addNameTag [ 'babel-plugin-transform-object-rest-spread', 'latest' ]
661 silly mapToRegistry name babel-plugin-transform-object-rest-spread
662 silly mapToRegistry using default registry
663 silly mapToRegistry registry https://registry.npmjs.org/
664 silly mapToRegistry uri https://registry.npmjs.org/babel-plugin-transform-object-rest-spread
665 verbose addNameTag registry:https://registry.npmjs.org/babel-plugin-transform-object-rest-spread not in flight; fetching
666 verbose request uri https://registry.npmjs.org/babel-plugin-transform-object-rest-spread
667 verbose request no auth needed
668 info attempt registry request try #1 at 3:01:27 PM
669 verbose request id 8a0911112f891d8e
670 verbose etag "5a82bd3b-dd89"
671 verbose lastModified Tue, 13 Feb 2018 10:26:03 GMT
672 http request GET https://registry.npmjs.org/babel-plugin-transform-object-rest-spread
673 http 304 https://registry.npmjs.org/babel-plugin-transform-object-rest-spread
674 verbose headers { date: 'Sat, 21 Apr 2018 12:01:28 GMT',
674 verbose headers   via: '1.1 varnish',
674 verbose headers   'cache-control': 'max-age=300',
674 verbose headers   etag: '"5a82bd3b-dd89"',
674 verbose headers   age: '4393',
674 verbose headers   connection: 'keep-alive',
674 verbose headers   'x-served-by': 'cache-hhn1532-HHN',
674 verbose headers   'x-cache': 'HIT',
674 verbose headers   'x-cache-hits': '5',
674 verbose headers   'x-timer': 'S1524312089.910381,VS0,VE0',
674 verbose headers   vary: 'Accept-Encoding, Accept' }
675 silly get cb [ 304,
675 silly get   { date: 'Sat, 21 Apr 2018 12:01:28 GMT',
675 silly get     via: '1.1 varnish',
675 silly get     'cache-control': 'max-age=300',
675 silly get     etag: '"5a82bd3b-dd89"',
675 silly get     age: '4393',
675 silly get     connection: 'keep-alive',
675 silly get     'x-served-by': 'cache-hhn1532-HHN',
675 silly get     'x-cache': 'HIT',
675 silly get     'x-cache-hits': '5',
675 silly get     'x-timer': 'S1524312089.910381,VS0,VE0',
675 silly get     vary: 'Accept-Encoding, Accept' } ]
676 verbose etag https://registry.npmjs.org/babel-plugin-transform-object-rest-spread from cache
677 verbose get saving babel-plugin-transform-object-rest-spread to /Users/ruslan/.npm/registry.npmjs.org/babel-plugin-transform-object-rest-spread/.cache.json
678 verbose correctMkdir /Users/ruslan/.npm correctMkdir not in flight; initializing
679 silly addNameTag next cb for babel-plugin-transform-object-rest-spread with tag latest
680 silly addNamed babel-plugin-transform-object-rest-spread@6.26.0
681 verbose addNamed "6.26.0" is a plain semver version for babel-plugin-transform-object-rest-spread
682 silly cache afterAdd babel-plugin-transform-object-rest-spread@6.26.0
683 verbose afterAdd /Users/ruslan/.npm/babel-plugin-transform-object-rest-spread/6.26.0/package/package.json not in flight; writing
684 verbose correctMkdir /Users/ruslan/.npm correctMkdir not in flight; initializing
685 verbose afterAdd /Users/ruslan/.npm/babel-plugin-transform-object-rest-spread/6.26.0/package/package.json written
686 silly install resolved [ { name: 'babel-plugin-transform-object-rest-spread',
686 silly install resolved     version: '6.26.0',
686 silly install resolved     description: 'Compile object rest and spread to ES5',
686 silly install resolved     repository:
686 silly install resolved      { type: 'git',
686 silly install resolved        url: 'https://github.com/babel/babel/tree/master/packages/babel-plugin-transform-object-rest-spread' },
686 silly install resolved     license: 'MIT',
686 silly install resolved     main: 'lib/index.js',
686 silly install resolved     keywords: [ 'babel-plugin' ],
686 silly install resolved     dependencies:
686 silly install resolved      { 'babel-plugin-syntax-object-rest-spread': '^6.8.0',
686 silly install resolved        'babel-runtime': '^6.26.0' },
686 silly install resolved     devDependencies: { 'babel-helper-plugin-test-runner': '^6.22.0' },
686 silly install resolved     _id: 'babel-plugin-transform-object-rest-spread@6.26.0',
686 silly install resolved     scripts: {},
686 silly install resolved     _shasum: '0f36692d50fef6b7e2d4b3ac1478137a963b7b06',
686 silly install resolved     _from: 'babel-plugin-transform-object-rest-spread@latest',
686 silly install resolved     _npmVersion: '4.6.1',
686 silly install resolved     _nodeVersion: '6.9.0',
686 silly install resolved     _npmUser: { name: 'hzoo', email: 'hi@henryzoo.com' },
686 silly install resolved     dist:
686 silly install resolved      { shasum: '0f36692d50fef6b7e2d4b3ac1478137a963b7b06',
686 silly install resolved        tarball: 'https://registry.npmjs.org/babel-plugin-transform-object-rest-spread/-/babel-plugin-transform-object-rest-spread-6.26.0.tgz' },
686 silly install resolved     maintainers: [ [Object], [Object], [Object], [Object], [Object] ],
686 silly install resolved     _npmOperationalInternal:
686 silly install resolved      { host: 's3://npm-registry-packages',
686 silly install resolved        tmp: 'tmp/babel-plugin-transform-object-rest-spread-6.26.0.tgz_1502898851290_0.09631218598224223' },
686 silly install resolved     directories: {},
686 silly install resolved     _resolved: 'https://registry.npmjs.org/babel-plugin-transform-object-rest-spread/-/babel-plugin-transform-object-rest-spread-6.26.0.tgz',
686 silly install resolved     readme: 'ERROR: No README data found!' } ]
687 info install babel-plugin-transform-object-rest-spread@6.26.0 into /Users/ruslan/test/react_custom
688 info installOne babel-plugin-transform-object-rest-spread@6.26.0
689 verbose installOne of babel-plugin-transform-object-rest-spread to /Users/ruslan/test/react_custom not in flight; installing
690 verbose correctMkdir /Users/ruslan/.npm/_locks correctMkdir not in flight; initializing
691 verbose lock using /Users/ruslan/.npm/_locks/babel-plugin-transform-o-9ff327a7daa93aa9.lock for /Users/ruslan/test/react_custom/node_modules/babel-plugin-transform-object-rest-spread
692 silly install write writing babel-plugin-transform-object-rest-spread 6.26.0 to /Users/ruslan/test/react_custom/node_modules/babel-plugin-transform-object-rest-spread
693 verbose unbuild node_modules/babel-plugin-transform-object-rest-spread
694 info preuninstall babel-plugin-transform-object-rest-spread@6.26.0
695 info uninstall babel-plugin-transform-object-rest-spread@6.26.0
696 verbose unbuild rmStuff babel-plugin-transform-object-rest-spread@6.26.0 from /Users/ruslan/test/react_custom/node_modules
697 info postuninstall babel-plugin-transform-object-rest-spread@6.26.0
698 silly gentlyRm /Users/ruslan/test/react_custom/node_modules/babel-plugin-transform-object-rest-spread is being purged from base /Users/ruslan/test/react_custom
699 verbose gentlyRm don't care about contents; nuking /Users/ruslan/test/react_custom/node_modules/babel-plugin-transform-object-rest-spread
700 silly vacuum-fs purging /Users/ruslan/test/react_custom/node_modules/babel-plugin-transform-object-rest-spread
701 silly vacuum-fs quitting because other entries in /Users/ruslan/test/react_custom/node_modules
702 verbose tar unpack /Users/ruslan/.npm/babel-plugin-transform-object-rest-spread/6.26.0/package.tgz
703 verbose tar unpacking to /Users/ruslan/test/react_custom/node_modules/babel-plugin-transform-object-rest-spread
704 silly gentlyRm /Users/ruslan/test/react_custom/node_modules/babel-plugin-transform-object-rest-spread is being purged
705 verbose gentlyRm don't care about contents; nuking /Users/ruslan/test/react_custom/node_modules/babel-plugin-transform-object-rest-spread
706 silly gunzTarPerm modes [ '755', '644' ]
707 silly gunzTarPerm extractEntry package.json
708 silly gunzTarPerm extractEntry .npmignore
709 silly gunzTarPerm extractEntry README.md
710 silly gunzTarPerm extractEntry lib/index.js
711 verbose write writing to /Users/ruslan/test/react_custom/node_modules/babel-plugin-transform-object-rest-spread/package.json
712 info preinstall babel-plugin-transform-object-rest-spread@6.26.0
713 verbose readDependencies loading dependencies from /Users/ruslan/test/react_custom/node_modules/babel-plugin-transform-object-rest-spread/package.json
714 verbose readDependencies loading dependencies from /Users/ruslan/test/react_custom/node_modules/babel-plugin-transform-object-rest-spread/package.json
715 silly install resolved []
716 verbose about to build /Users/ruslan/test/react_custom/node_modules/babel-plugin-transform-object-rest-spread
717 info build /Users/ruslan/test/react_custom/node_modules/babel-plugin-transform-object-rest-spread
718 info linkStuff babel-plugin-transform-object-rest-spread@6.26.0
719 silly linkStuff babel-plugin-transform-object-rest-spread@6.26.0 has /Users/ruslan/test/react_custom/node_modules as its parent node_modules
720 verbose linkBins babel-plugin-transform-object-rest-spread@6.26.0
721 verbose linkMans babel-plugin-transform-object-rest-spread@6.26.0
722 verbose rebuildBundles babel-plugin-transform-object-rest-spread@6.26.0
723 info install babel-plugin-transform-object-rest-spread@6.26.0
724 info postinstall babel-plugin-transform-object-rest-spread@6.26.0
725 verbose unlock done using /Users/ruslan/.npm/_locks/babel-plugin-transform-o-9ff327a7daa93aa9.lock for /Users/ruslan/test/react_custom/node_modules/babel-plugin-transform-object-rest-spread
726 verbose validateInstall loading /Users/ruslan/test/react_custom/package.json for validation
727 verbose stack Error: The package react@16.3.0 does not satisfy its siblings' peerDependencies requirements!
727 verbose stack     at /Users/ruslan/.nvm/versions/node/v4.4.1/lib/node_modules/npm/lib/install.js:125:32
727 verbose stack     at /Users/ruslan/.nvm/versions/node/v4.4.1/lib/node_modules/npm/lib/install.js:268:7
727 verbose stack     at /Users/ruslan/.nvm/versions/node/v4.4.1/lib/node_modules/npm/node_modules/read-installed/read-installed.js:142:5
727 verbose stack     at /Users/ruslan/.nvm/versions/node/v4.4.1/lib/node_modules/npm/node_modules/read-installed/read-installed.js:263:14
727 verbose stack     at cb (/Users/ruslan/.nvm/versions/node/v4.4.1/lib/node_modules/npm/node_modules/slide/lib/async-map.js:47:24)
727 verbose stack     at /Users/ruslan/.nvm/versions/node/v4.4.1/lib/node_modules/npm/node_modules/read-installed/read-installed.js:263:14
727 verbose stack     at cb (/Users/ruslan/.nvm/versions/node/v4.4.1/lib/node_modules/npm/node_modules/slide/lib/async-map.js:47:24)
727 verbose stack     at /Users/ruslan/.nvm/versions/node/v4.4.1/lib/node_modules/npm/node_modules/read-installed/read-installed.js:263:14
727 verbose stack     at cb (/Users/ruslan/.nvm/versions/node/v4.4.1/lib/node_modules/npm/node_modules/slide/lib/async-map.js:47:24)
727 verbose stack     at /Users/ruslan/.nvm/versions/node/v4.4.1/lib/node_modules/npm/node_modules/read-installed/read-installed.js:263:14
728 verbose cwd /Users/ruslan/test/react_custom
729 error Darwin 17.5.0
730 error argv "/Users/ruslan/.nvm/versions/node/v4.4.1/bin/node" "/Users/ruslan/.nvm/versions/node/v4.4.1/bin/npm" "install" "--save-dev" "babel-plugin-transform-object-rest-spread"
731 error node v4.4.1
732 error npm  v2.14.20
733 error code EPEERINVALID
734 error peerinvalid The package react@16.3.0 does not satisfy its siblings' peerDependencies requirements!
734 error peerinvalid Peer react-dom@16.3.0 wants react@^16.0.0
734 error peerinvalid Peer react-loader@2.4.3 wants react@^0.14.0 || ^15.0.0 || ~16.0.0
735 verbose exit [ 1, true ]
